0 info it worked if it ends with ok
1 verbose cli [ '/home/ubuntu/.nvm/versions/node/v4.4.0/bin/node',
1 verbose cli   '/home/ubuntu/.nvm/versions/node/v4.4.0/bin/npm',
1 verbose cli   'install',
1 verbose cli   'grunt-uglify',
1 verbose cli   '--save' ]
2 info using npm@2.14.20
3 info using node@v4.4.0
4 verbose install initial load of /home/ubuntu/workspace/package.json
5 warn package.json angularfireslack@0.0.0 No license field.
6 verbose installManyTop reading scoped package data from /home/ubuntu/workspace/node_modules/grunt/package.json
7 verbose installManyTop reading scoped package data from /home/ubuntu/workspace/node_modules/grunt-autoprefixer/package.json
8 verbose installManyTop reading scoped package data from /home/ubuntu/workspace/node_modules/grunt-concurrent/package.json
9 verbose installManyTop reading scoped package data from /home/ubuntu/workspace/node_modules/grunt-contrib-clean/package.json
10 verbose installManyTop reading scoped package data from /home/ubuntu/workspace/node_modules/grunt-contrib-concat/package.json
11 verbose installManyTop reading scoped package data from /home/ubuntu/workspace/node_modules/grunt-contrib-connect/package.json
12 verbose installManyTop reading scoped package data from /home/ubuntu/workspace/node_modules/grunt-contrib-copy/package.json
13 verbose installManyTop reading scoped package data from /home/ubuntu/workspace/node_modules/grunt-contrib-cssmin/package.json
14 verbose installManyTop reading scoped package data from /home/ubuntu/workspace/node_modules/grunt-contrib-htmlmin/package.json
15 verbose installManyTop reading scoped package data from /home/ubuntu/workspace/node_modules/grunt-contrib-imagemin/package.json
16 verbose installManyTop reading scoped package data from /home/ubuntu/workspace/node_modules/grunt-contrib-jshint/package.json
17 verbose installManyTop reading scoped package data from /home/ubuntu/workspace/node_modules/grunt-contrib-uglify/package.json
18 verbose installManyTop reading scoped package data from /home/ubuntu/workspace/node_modules/grunt-contrib-watch/package.json
19 verbose installManyTop reading scoped package data from /home/ubuntu/workspace/node_modules/grunt-filerev/package.json
20 verbose installManyTop reading scoped package data from /home/ubuntu/workspace/node_modules/grunt-google-cdn/package.json
21 verbose installManyTop reading scoped package data from /home/ubuntu/workspace/node_modules/grunt-karma/package.json
22 verbose installManyTop reading scoped package data from /home/ubuntu/workspace/node_modules/grunt-newer/package.json
23 verbose installManyTop reading scoped package data from /home/ubuntu/workspace/node_modules/grunt-ng-annotate/package.json
24 verbose installManyTop reading scoped package data from /home/ubuntu/workspace/node_modules/grunt-svgmin/package.json
25 verbose installManyTop reading scoped package data from /home/ubuntu/workspace/node_modules/grunt-usemin/package.json
26 verbose installManyTop reading scoped package data from /home/ubuntu/workspace/node_modules/grunt-wiredep/package.json
27 verbose installManyTop reading scoped package data from /home/ubuntu/workspace/node_modules/jasmine-core/package.json
28 verbose installManyTop reading scoped package data from /home/ubuntu/workspace/node_modules/jshint-stylish/package.json
29 verbose installManyTop reading scoped package data from /home/ubuntu/workspace/node_modules/karma/package.json
30 verbose installManyTop reading scoped package data from /home/ubuntu/workspace/node_modules/karma-jasmine/package.json
31 verbose installManyTop reading scoped package data from /home/ubuntu/workspace/node_modules/karma-phantomjs-launcher/package.json
32 verbose installManyTop reading scoped package data from /home/ubuntu/workspace/node_modules/load-grunt-tasks/package.json
33 verbose installManyTop reading scoped package data from /home/ubuntu/workspace/node_modules/time-grunt/package.json
34 info package.json grunt@0.4.5 No license field.
35 info package.json grunt-contrib-concat@0.5.1 No license field.
36 info package.json grunt-contrib-clean@0.6.0 No license field.
37 info package.json grunt-contrib-connect@0.9.0 No license field.
38 info package.json grunt-contrib-copy@0.7.0 No license field.
39 info package.json grunt-contrib-cssmin@0.12.3 No license field.
40 info package.json grunt-contrib-htmlmin@0.4.0 No license field.
41 info package.json grunt-contrib-watch@0.6.1 No license field.
42 info package.json grunt-filerev@2.3.1 license should be a valid SPDX license expression
43 info package.json grunt-contrib-uglify@0.7.0 No license field.
44 info package.json grunt-google-cdn@0.4.3 license should be a valid SPDX license expression
45 info package.json grunt-svgmin@2.0.1 No license field.
46 info package.json grunt-wiredep@2.0.0 No license field.
47 verbose readDependencies loading dependencies from /home/ubuntu/workspace/package.json
48 silly cache add args [ 'grunt-uglify', null ]
49 verbose cache add spec grunt-uglify
50 silly cache add parsed spec Result {
50 silly cache add   raw: 'grunt-uglify',
50 silly cache add   scope: null,
50 silly cache add   name: 'grunt-uglify',
50 silly cache add   rawSpec: '',
50 silly cache add   spec: 'latest',
50 silly cache add   type: 'tag' }
51 silly addNamed grunt-uglify@latest
52 verbose addNamed "latest" is being treated as a dist-tag for grunt-uglify
53 info addNameTag [ 'grunt-uglify', 'latest' ]
54 silly mapToRegistry name grunt-uglify
55 silly mapToRegistry using default registry
56 silly mapToRegistry registry https://registry.npmjs.org/
57 silly mapToRegistry uri https://registry.npmjs.org/grunt-uglify
58 verbose addNameTag registry:https://registry.npmjs.org/grunt-uglify not in flight; fetching
59 verbose request uri https://registry.npmjs.org/grunt-uglify
60 verbose request no auth needed
61 info attempt registry request try #1 at 1:03:26 PM
62 verbose request id a549a6345df341bd
63 http request GET https://registry.npmjs.org/grunt-uglify
64 http 404 https://registry.npmjs.org/grunt-uglify
65 verbose headers { 'content-type': 'application/json',
65 verbose headers   'cache-control': 'max-age=0',
65 verbose headers   'content-length': '2',
65 verbose headers   'accept-ranges': 'bytes',
65 verbose headers   date: 'Sun, 24 Apr 2016 13:03:27 GMT',
65 verbose headers   via: '1.1 varnish',
65 verbose headers   age: '0',
65 verbose headers   connection: 'keep-alive',
65 verbose headers   'x-served-by': 'cache-hkg6822-HKG',
65 verbose headers   'x-cache': 'MISS',
65 verbose headers   'x-cache-hits': '0',
65 verbose headers   'x-timer': 'S1461503007.123770,VS0,VE762',
65 verbose headers   vary: 'Accept-Encoding' }
66 silly get cb [ 404,
66 silly get   { 'content-type': 'application/json',
66 silly get     'cache-control': 'max-age=0',
66 silly get     'content-length': '2',
66 silly get     'accept-ranges': 'bytes',
66 silly get     date: 'Sun, 24 Apr 2016 13:03:27 GMT',
66 silly get     via: '1.1 varnish',
66 silly get     age: '0',
66 silly get     connection: 'keep-alive',
66 silly get     'x-served-by': 'cache-hkg6822-HKG',
66 silly get     'x-cache': 'MISS',
66 silly get     'x-cache-hits': '0',
66 silly get     'x-timer': 'S1461503007.123770,VS0,VE762',
66 silly get     vary: 'Accept-Encoding' } ]
67 verbose stack Error: Registry returned 404 for GET on https://registry.npmjs.org/grunt-uglify
67 verbose stack     at makeError (/home/ubuntu/.nvm/versions/node/v4.4.0/lib/node_modules/npm/node_modules/npm-registry-client/lib/request.js:264:12)
67 verbose stack     at CachingRegistryClient.<anonymous> (/home/ubuntu/.nvm/versions/node/v4.4.0/lib/node_modules/npm/node_modules/npm-registry-client/lib/request.js:242:14)
67 verbose stack     at Request._callback (/home/ubuntu/.nvm/versions/node/v4.4.0/lib/node_modules/npm/node_modules/npm-registry-client/lib/request.js:172:14)
67 verbose stack     at Request.self.callback (/home/ubuntu/.nvm/versions/node/v4.4.0/lib/node_modules/npm/node_modules/request/request.js:199:22)
67 verbose stack     at emitTwo (events.js:87:13)
67 verbose stack     at Request.emit (events.js:172:7)
67 verbose stack     at Request.<anonymous> (/home/ubuntu/.nvm/versions/node/v4.4.0/lib/node_modules/npm/node_modules/request/request.js:1036:10)
67 verbose stack     at emitOne (events.js:82:20)
67 verbose stack     at Request.emit (events.js:169:7)
67 verbose stack     at IncomingMessage.<anonymous> (/home/ubuntu/.nvm/versions/node/v4.4.0/lib/node_modules/npm/node_modules/request/request.js:963:12)
68 verbose statusCode 404
69 verbose pkgid grunt-uglify
70 verbose cwd /home/ubuntu/workspace
71 error Linux 4.2.0-c9
72 error argv "/home/ubuntu/.nvm/versions/node/v4.4.0/bin/node" "/home/ubuntu/.nvm/versions/node/v4.4.0/bin/npm" "install" "grunt-uglify" "--save"
73 error node v4.4.0
74 error npm  v2.14.20
75 error code E404
76 error 404 Registry returned 404 for GET on https://registry.npmjs.org/grunt-uglify
76 error 404
76 error 404 'grunt-uglify' is not in the npm registry.
76 error 404 You should bug the author to publish it (or use the name yourself!)
76 error 404 It was specified as a dependency of 'angularfireslack'
76 error 404
76 error 404 Note that you can also install from a
76 error 404 tarball, folder, http url, or git url.
77 verbose exit [ 1, true ]
